# JRE version: OpenJDK Runtime Environment Microsoft-8035246 (17.0.8+7) (build 17.0.8+7-LTS)
# Java VM: OpenJDK 64-Bit Server VM Microsoft-8035246 (17.0.8+7-LTS, mixed mode, sharing, tiered, compressed oops, compressed class ptrs, g1 gc, windows-amd64)
GC Precious Log:
 CPUs: 8 total, 8 available
 Memory: 8046M
 Large Page Support: Disabled
 NUMA Support: Disabled
 Compressed Oops: Enabled (32-bit)
 Heap Region Size: 1M
 Heap Min Capacity: 8M
 Heap Initial Capacity: 126M
 Heap Max Capacity: 2G
 Pre-touch: Disabled
 Parallel Workers: 8
 Concurrent Workers: 2
 Concurrent Refinement Workers: 8
 Periodic GC: Disabled
Heap:
 garbage-first heap   total 234496K, used 202622K [0x0000000080000000, 0x0000000100000000)
  region size 1024K, 14 young (14336K), 2 survivors (2048K)
 Metaspace       used 105484K, committed 106688K, reserved 557056K
  class space    used 14677K, committed 15232K, reserved 425984K
GC Heap History (20 events):
Event: 61.563 GC heap before
{Heap before GC invocations=53 (full 0):
 garbage-first heap   total 234496K, used 198871K [0x0000000080000000, 0x0000000100000000)
  region size 1024K, 36 young (36864K), 5 survivors (5120K)
 Metaspace       used 103668K, committed 104832K, reserved 557056K
  class space    used 14510K, committed 15040K, reserved 425984K
}
Event: 61.573 GC heap after
{Heap after GC invocations=54 (full 0):
 garbage-first heap   total 234496K, used 172094K [0x0000000080000000, 0x0000000100000000)
  region size 1024K, 5 young (5120K), 5 survivors (5120K)
 Metaspace       used 103668K, committed 104832K, reserved 557056K
  class space    used 14510K, committed 15040K, reserved 425984K
}
Event: 62.363 GC heap before
{Heap before GC invocations=54 (full 0):
 garbage-first heap   total 234496K, used 199742K [0x0000000080000000, 0x0000000100000000)
  region size 1024K, 32 young (32768K), 5 survivors (5120K)
 Metaspace       used 103932K, committed 105088K, reserved 557056K
  class space    used 14527K, committed 15040K, reserved 425984K
}
Event: 62.374 GC heap after
{Heap after GC invocations=55 (full 0):
 garbage-first heap   total 234496K, used 175093K [0x0000000080000000, 0x0000000100000000)
  region size 1024K, 3 young (3072K), 3 survivors (3072K)
 Metaspace       used 103932K, committed 105088K, reserved 557056K
  class space    used 14527K, committed 15040K, reserved 425984K
}
Event: 63.003 GC heap before
{Heap before GC invocations=55 (full 0):
 garbage-first heap   total 234496K, used 201717K [0x0000000080000000, 0x0000000100000000)
  region size 1024K, 29 young (29696K), 3 survivors (3072K)
 Metaspace       used 104052K, committed 105152K, reserved 557056K
  class space    used 14528K, committed 15040K, reserved 425984K
}
Event: 63.010 GC heap after
{Heap after GC invocations=56 (full 0):
 garbage-first heap   total 234496K, used 177483K [0x0000000080000000, 0x0000000100000000)
  region size 1024K, 3 young (3072K), 3 survivors (3072K)
 Metaspace       used 104052K, committed 105152K, reserved 557056K
  class space    used 14528K, committed 15040K, reserved 425984K
}
Event: 63.596 GC heap before
{Heap before GC invocations=56 (full 0):
 garbage-first heap   total 234496K, used 202059K [0x0000000080000000, 0x0000000100000000)
  region size 1024K, 27 young (27648K), 3 survivors (3072K)
 Metaspace       used 104392K, committed 105536K, reserved 557056K
  class space    used 14570K, committed 15104K, reserved 425984K
}
Event: 63.604 GC heap after
{Heap after GC invocations=57 (full 0):
 garbage-first heap   total 234496K, used 180328K [0x0000000080000000, 0x0000000100000000)
  region size 1024K, 3 young (3072K), 3 survivors (3072K)
 Metaspace       used 104392K, committed 105536K, reserved 557056K
  class space    used 14570K, committed 15104K, reserved 425984K
}
Event: 64.064 GC heap before
{Heap before GC invocations=57 (full 0):
 garbage-first heap   total 234496K, used 201832K [0x0000000080000000, 0x0000000100000000)
  region size 1024K, 25 young (25600K), 3 survivors (3072K)
 Metaspace       used 104853K, committed 106048K, reserved 557056K
  class space    used 14629K, committed 15168K, reserved 425984K
}
Event: 64.073 GC heap after
{Heap after GC invocations=58 (full 0):
 garbage-first heap   total 234496K, used 183049K [0x0000000080000000, 0x0000000100000000)
  region size 1024K, 3 young (3072K), 3 survivors (3072K)
 Metaspace       used 104853K, committed 106048K, reserved 557056K
  class space    used 14629K, committed 15168K, reserved 425984K
}
Event: 64.470 GC heap before
{Heap before GC invocations=58 (full 0):
 garbage-first heap   total 234496K, used 201481K [0x0000000080000000, 0x0000000100000000)
  region size 1024K, 22 young (22528K), 3 survivors (3072K)
 Metaspace       used 105019K, committed 106176K, reserved 557056K
  class space    used 14635K, committed 15168K, reserved 425984K
}
Event: 64.476 GC heap after
{Heap after GC invocations=59 (full 0):
 garbage-first heap   total 234496K, used 183860K [0x0000000080000000, 0x0000000100000000)
  region size 1024K, 1 young (1024K), 1 survivors (1024K)
 Metaspace       used 105019K, committed 106176K, reserved 557056K
  class space    used 14635K, committed 15168K, reserved 425984K
}
Event: 65.107 GC heap before
{Heap before GC invocations=59 (full 0):
 garbage-first heap   total 234496K, used 203316K [0x0000000080000000, 0x0000000100000000)
  region size 1024K, 21 young (21504K), 1 survivors (1024K)
 Metaspace       used 105286K, committed 106496K, reserved 557056K
  class space    used 14669K, committed 15232K, reserved 425984K
}
Event: 65.111 GC heap after
{Heap after GC invocations=60 (full 0):
 garbage-first heap   total 234496K, used 184652K [0x0000000080000000, 0x0000000100000000)
  region size 1024K, 2 young (2048K), 2 survivors (2048K)
 Metaspace       used 105286K, committed 106496K, reserved 557056K
  class space    used 14669K, committed 15232K, reserved 425984K
}
Event: 65.454 GC heap before
{Heap before GC invocations=60 (full 0):
 garbage-first heap   total 234496K, used 204108K [0x0000000080000000, 0x0000000100000000)
  region size 1024K, 22 young (22528K), 2 survivors (2048K)
 Metaspace       used 105397K, committed 106560K, reserved 557056K
  class space    used 14677K, committed 15232K, reserved 425984K
}
Event: 65.462 GC heap after
{Heap after GC invocations=61 (full 0):
 garbage-first heap   total 234496K, used 189514K [0x0000000080000000, 0x0000000100000000)
  region size 1024K, 3 young (3072K), 3 survivors (3072K)
 Metaspace       used 105397K, committed 106560K, reserved 557056K
  class space    used 14677K, committed 15232K, reserved 425984K
}
Event: 65.770 GC heap before
{Heap before GC invocations=61 (full 0):
 garbage-first heap   total 234496K, used 202826K [0x0000000080000000, 0x0000000100000000)
  region size 1024K, 17 young (17408K), 3 survivors (3072K)
 Metaspace       used 105424K, committed 106624K, reserved 557056K
  class space    used 14677K, committed 15232K, reserved 425984K
}
Event: 65.776 GC heap after
{Heap after GC invocations=62 (full 0):
 garbage-first heap   total 234496K, used 190665K [0x0000000080000000, 0x0000000100000000)
  region size 1024K, 1 young (1024K), 1 survivors (1024K)
 Metaspace       used 105424K, committed 106624K, reserved 557056K
  class space    used 14677K, committed 15232K, reserved 425984K
}
Event: 66.050 GC heap before
{Heap before GC invocations=62 (full 0):
 garbage-first heap   total 234496K, used 203977K [0x0000000080000000, 0x0000000100000000)
  region size 1024K, 15 young (15360K), 1 survivors (1024K)
 Metaspace       used 105480K, committed 106688K, reserved 557056K
  class space    used 14677K, committed 15232K, reserved 425984K
}
Event: 66.054 GC heap after
{Heap after GC invocations=63 (full 0):
 garbage-first heap   total 234496K, used 191358K [0x0000000080000000, 0x0000000100000000)
  region size 1024K, 2 young (2048K), 2 survivors (2048K)
 Metaspace       used 105480K, committed 106688K, reserved 557056K
  class space    used 14677K, committed 15232K, reserved 425984K
}

