# JRE version: OpenJDK Runtime Environment Microsoft-8035246 (17.0.8+7) (build 17.0.8+7-LTS)
# Java VM: OpenJDK 64-Bit Server VM Microsoft-8035246 (17.0.8+7-LTS, mixed mode, sharing, tiered, compressed oops, compressed class ptrs, g1 gc, windows-amd64)
GC Precious Log:
 CPUs: 8 total, 8 available
 Memory: 8046M
 Large Page Support: Disabled
 NUMA Support: Disabled
 Compressed Oops: Enabled (32-bit)
 Heap Region Size: 1M
 Heap Min Capacity: 8M
 Heap Initial Capacity: 126M
 Heap Max Capacity: 2G
 Pre-touch: Disabled
 Parallel Workers: 8
 Concurrent Workers: 2
 Concurrent Refinement Workers: 8
 Periodic GC: Disabled
Heap:
 garbage-first heap   total 415744K, used 250237K [0x0000000080000000, 0x0000000100000000)
  region size 1024K, 83 young (84992K), 13 survivors (13312K)
 Metaspace       used 107554K, committed 108800K, reserved 557056K
  class space    used 14994K, committed 15552K, reserved 425984K
GC Heap History (20 events):
Event: 28.728 GC heap before
{Heap before GC invocations=54 (full 0):
 garbage-first heap   total 184320K, used 144358K [0x0000000080000000, 0x0000000100000000)
  region size 1024K, 37 young (37888K), 2 survivors (2048K)
 Metaspace       used 91397K, committed 92288K, reserved 557056K
  class space    used 12997K, committed 13440K, reserved 425984K
}
Event: 28.734 GC heap after
{Heap after GC invocations=55 (full 0):
 garbage-first heap   total 184320K, used 116789K [0x0000000080000000, 0x0000000100000000)
  region size 1024K, 5 young (5120K), 5 survivors (5120K)
 Metaspace       used 91397K, committed 92288K, reserved 557056K
  class space    used 12997K, committed 13440K, reserved 425984K
}
Event: 28.764 GC heap before
{Heap before GC invocations=55 (full 0):
 garbage-first heap   total 184320K, used 120885K [0x0000000080000000, 0x0000000100000000)
  region size 1024K, 9 young (9216K), 5 survivors (5120K)
 Metaspace       used 91415K, committed 92288K, reserved 557056K
  class space    used 13000K, committed 13440K, reserved 425984K
}
Event: 28.770 GC heap after
{Heap after GC invocations=56 (full 0):
 garbage-first heap   total 184320K, used 116936K [0x0000000080000000, 0x0000000100000000)
  region size 1024K, 1 young (1024K), 1 survivors (1024K)
 Metaspace       used 91415K, committed 92288K, reserved 557056K
  class space    used 13000K, committed 13440K, reserved 425984K
}
Event: 29.292 GC heap before
{Heap before GC invocations=56 (full 0):
 garbage-first heap   total 184320K, used 148680K [0x0000000080000000, 0x0000000100000000)
  region size 1024K, 32 young (32768K), 1 survivors (1024K)
 Metaspace       used 91855K, committed 92800K, reserved 557056K
  class space    used 13038K, committed 13440K, reserved 425984K
}
Event: 29.299 GC heap after
{Heap after GC invocations=57 (full 0):
 garbage-first heap   total 184320K, used 121793K [0x0000000080000000, 0x0000000100000000)
  region size 1024K, 4 young (4096K), 4 survivors (4096K)
 Metaspace       used 91855K, committed 92800K, reserved 557056K
  class space    used 13038K, committed 13440K, reserved 425984K
}
Event: 29.945 GC heap before
{Heap before GC invocations=58 (full 0):
 garbage-first heap   total 214016K, used 149441K [0x0000000080000000, 0x0000000100000000)
  region size 1024K, 31 young (31744K), 4 survivors (4096K)
 Metaspace       used 92447K, committed 93440K, reserved 557056K
  class space    used 13121K, committed 13568K, reserved 425984K
}
Event: 29.955 GC heap after
{Heap after GC invocations=59 (full 0):
 garbage-first heap   total 214016K, used 129607K [0x0000000080000000, 0x0000000100000000)
  region size 1024K, 4 young (4096K), 4 survivors (4096K)
 Metaspace       used 92447K, committed 93440K, reserved 557056K
  class space    used 13121K, committed 13568K, reserved 425984K
}
Event: 30.015 GC heap before
{Heap before GC invocations=59 (full 0):
 garbage-first heap   total 214016K, used 134727K [0x0000000080000000, 0x0000000100000000)
  region size 1024K, 10 young (10240K), 4 survivors (4096K)
 Metaspace       used 92476K, committed 93440K, reserved 557056K
  class space    used 13121K, committed 13568K, reserved 425984K
}
Event: 30.021 GC heap after
{Heap after GC invocations=60 (full 0):
 garbage-first heap   total 214016K, used 130047K [0x0000000080000000, 0x0000000100000000)
  region size 1024K, 1 young (1024K), 1 survivors (1024K)
 Metaspace       used 92476K, committed 93440K, reserved 557056K
  class space    used 13121K, committed 13568K, reserved 425984K
}
Event: 30.783 GC heap before
{Heap before GC invocations=60 (full 0):
 garbage-first heap   total 214016K, used 172031K [0x0000000080000000, 0x0000000100000000)
  region size 1024K, 39 young (39936K), 1 survivors (1024K)
 Metaspace       used 92885K, committed 93888K, reserved 557056K
  class space    used 13161K, committed 13632K, reserved 425984K
}
Event: 30.792 GC heap after
{Heap after GC invocations=61 (full 0):
 garbage-first heap   total 415744K, used 142643K [0x0000000080000000, 0x0000000100000000)
  region size 1024K, 5 young (5120K), 5 survivors (5120K)
 Metaspace       used 92885K, committed 93888K, reserved 557056K
  class space    used 13161K, committed 13632K, reserved 425984K
}
Event: 33.418 GC heap before
{Heap before GC invocations=62 (full 0):
 garbage-first heap   total 415744K, used 277811K [0x0000000080000000, 0x0000000100000000)
  region size 1024K, 137 young (140288K), 5 survivors (5120K)
 Metaspace       used 100740K, committed 101760K, reserved 557056K
  class space    used 14184K, committed 14656K, reserved 425984K
}
Event: 33.437 GC heap after
{Heap after GC invocations=63 (full 0):
 garbage-first heap   total 415744K, used 155499K [0x0000000080000000, 0x0000000100000000)
  region size 1024K, 18 young (18432K), 18 survivors (18432K)
 Metaspace       used 100740K, committed 101760K, reserved 557056K
  class space    used 14184K, committed 14656K, reserved 425984K
}
Event: 33.462 GC heap before
{Heap before GC invocations=63 (full 0):
 garbage-first heap   total 415744K, used 157547K [0x0000000080000000, 0x0000000100000000)
  region size 1024K, 20 young (20480K), 18 survivors (18432K)
 Metaspace       used 100856K, committed 101888K, reserved 557056K
  class space    used 14196K, committed 14656K, reserved 425984K
}
Event: 33.477 GC heap after
{Heap after GC invocations=64 (full 0):
 garbage-first heap   total 415744K, used 156512K [0x0000000080000000, 0x0000000100000000)
  region size 1024K, 2 young (2048K), 2 survivors (2048K)
 Metaspace       used 100856K, committed 101888K, reserved 557056K
  class space    used 14196K, committed 14656K, reserved 425984K
}
Event: 35.218 GC heap before
{Heap before GC invocations=64 (full 0):
 garbage-first heap   total 415744K, used 293728K [0x0000000080000000, 0x0000000100000000)
  region size 1024K, 136 young (139264K), 2 survivors (2048K)
 Metaspace       used 103298K, committed 104384K, reserved 557056K
  class space    used 14462K, committed 14976K, reserved 425984K
}
Event: 35.232 GC heap after
{Heap after GC invocations=65 (full 0):
 garbage-first heap   total 415744K, used 168213K [0x0000000080000000, 0x0000000100000000)
  region size 1024K, 14 young (14336K), 14 survivors (14336K)
 Metaspace       used 103298K, committed 104384K, reserved 557056K
  class space    used 14462K, committed 14976K, reserved 425984K
}
Event: 36.929 GC heap before
{Heap before GC invocations=65 (full 0):
 garbage-first heap   total 415744K, used 306453K [0x0000000080000000, 0x0000000100000000)
  region size 1024K, 150 young (153600K), 14 survivors (14336K)
 Metaspace       used 107481K, committed 108736K, reserved 557056K
  class space    used 14993K, committed 15552K, reserved 425984K
}
Event: 36.954 GC heap after
{Heap after GC invocations=66 (full 0):
 garbage-first heap   total 415744K, used 180605K [0x0000000080000000, 0x0000000100000000)
  region size 1024K, 13 young (13312K), 13 survivors (13312K)
 Metaspace       used 107481K, committed 108736K, reserved 557056K
  class space    used 14993K, committed 15552K, reserved 425984K
}

